<?xml version="1.0" encoding="UTF-8"?>
<testsuite xmlns:xsi="http://www.w3.org/2001/XMLSchema-instance" xsi:noNamespaceSchemaLocation="https://maven.apache.org/surefire/maven-surefire-plugin/xsd/surefire-test-report-3.0.xsd" version="3.0" name="TestRunner.TestRunner" time="36.87" tests="2" errors="0" skipped="0" failures="0">
  <properties>
    <property name="sun.desktop" value="windows"/>
    <property name="awt.toolkit" value="sun.awt.windows.WToolkit"/>
    <property name="java.specification.version" value="11"/>
    <property name="sun.cpu.isalist" value="amd64"/>
    <property name="sun.jnu.encoding" value="Cp1252"/>
    <property name="java.class.path" value="D:\Eclipse Workspace\CucumberFramework_Practice\target\test-classes;D:\Eclipse Workspace\CucumberFramework_Practice\target\classes;C:\Users\shaik\.m2\repository\io\cucumber\cucumber-core\4.4.0\cucumber-core-4.4.0.jar;C:\Users\shaik\.m2\repository\io\cucumber\tag-expressions\1.1.1\tag-expressions-1.1.1.jar;C:\Users\shaik\.m2\repository\io\cucumber\cucumber-expressions\7.0.2\cucumber-expressions-7.0.2.jar;C:\Users\shaik\.m2\repository\io\cucumber\datatable\1.1.14\datatable-1.1.14.jar;C:\Users\shaik\.m2\repository\io\cucumber\datatable-dependencies\1.1.14\datatable-dependencies-1.1.14.jar;C:\Users\shaik\.m2\repository\io\cucumber\cucumber-html\0.2.7\cucumber-html-0.2.7.jar;C:\Users\shaik\.m2\repository\net\sourceforge\cobertura\cobertura\2.1.1\cobertura-2.1.1.jar;C:\Users\shaik\.m2\repository\org\ow2\asm\asm\5.0.1\asm-5.0.1.jar;C:\Users\shaik\.m2\repository\org\ow2\asm\asm-tree\5.0.1\asm-tree-5.0.1.jar;C:\Users\shaik\.m2\repository\org\ow2\asm\asm-commons\5.0.1\asm-commons-5.0.1.jar;C:\Users\shaik\.m2\repository\org\ow2\asm\asm-util\5.0.1\asm-util-5.0.1.jar;C:\Users\shaik\.m2\repository\org\ow2\asm\asm-analysis\5.0.1\asm-analysis-5.0.1.jar;C:\Users\shaik\.m2\repository\oro\oro\2.0.8\oro-2.0.8.jar;C:\Users\shaik\.m2\repository\jaxen\jaxen\1.1.4\jaxen-1.1.4.jar;C:\Users\shaik\.m2\repository\org\apache\ant\ant\1.8.3\ant-1.8.3.jar;C:\Users\shaik\.m2\repository\org\apache\ant\ant-launcher\1.8.3\ant-launcher-1.8.3.jar;C:\Users\shaik\.m2\repository\org\apache\ant\ant-junit\1.8.3\ant-junit-1.8.3.jar;C:\Users\shaik\.m2\repository\org\mortbay\jetty\servlet-api-2.5\6.1.14\servlet-api-2.5-6.1.14.jar;C:\Users\shaik\.m2\repository\org\mortbay\jetty\jetty\6.1.14\jetty-6.1.14.jar;C:\Users\shaik\.m2\repository\org\mortbay\jetty\jetty-util\6.1.14\jetty-util-6.1.14.jar;C:\Users\shaik\.m2\repository\org\slf4j\slf4j-api\1.7.5\slf4j-api-1.7.5.jar;C:\Users\shaik\.m2\repository\ch\qos\logback\logback-classic\1.0.13\logback-classic-1.0.13.jar;C:\Users\shaik\.m2\repository\ch\qos\logback\logback-core\1.0.13\logback-core-1.0.13.jar;C:\Users\shaik\.m2\repository\org\apache\commons\commons-lang3\3.3.2\commons-lang3-3.3.2.jar;C:\Users\shaik\.m2\repository\io\cucumber\cucumber-java\4.4.0\cucumber-java-4.4.0.jar;C:\Users\shaik\.m2\repository\io\cucumber\cucumber-junit\4.4.0\cucumber-junit-4.4.0.jar;C:\Users\shaik\.m2\repository\io\cucumber\cucumber-jvm-deps\1.0.6\cucumber-jvm-deps-1.0.6.jar;C:\Users\shaik\.m2\repository\net\masterthought\cucumber-reporting\4.7.0\cucumber-reporting-4.7.0.jar;C:\Users\shaik\.m2\repository\com\fasterxml\jackson\core\jackson-databind\2.9.8\jackson-databind-2.9.8.jar;C:\Users\shaik\.m2\repository\com\fasterxml\jackson\core\jackson-annotations\2.9.0\jackson-annotations-2.9.0.jar;C:\Users\shaik\.m2\repository\com\fasterxml\jackson\core\jackson-core\2.9.8\jackson-core-2.9.8.jar;C:\Users\shaik\.m2\repository\org\apache\velocity\velocity\1.7\velocity-1.7.jar;C:\Users\shaik\.m2\repository\commons-collections\commons-collections\3.2.1\commons-collections-3.2.1.jar;C:\Users\shaik\.m2\repository\commons-lang\commons-lang\2.4\commons-lang-2.4.jar;C:\Users\shaik\.m2\repository\velocity-tools\velocity-tools\1.4\velocity-tools-1.4.jar;C:\Users\shaik\.m2\repository\joda-time\joda-time\2.10.1\joda-time-2.10.1.jar;C:\Users\shaik\.m2\repository\commons-io\commons-io\2.6\commons-io-2.6.jar;C:\Users\shaik\.m2\repository\org\codehaus\plexus\plexus-utils\3.1.1\plexus-utils-3.1.1.jar;C:\Users\shaik\.m2\repository\org\jsoup\jsoup\1.11.3\jsoup-1.11.3.jar;C:\Users\shaik\.m2\repository\com\googlecode\owasp-java-html-sanitizer\owasp-java-html-sanitizer\20190325.1\owasp-java-html-sanitizer-20190325.1.jar;C:\Users\shaik\.m2\repository\commons-configuration\commons-configuration\1.10\commons-configuration-1.10.jar;C:\Users\shaik\.m2\repository\commons-logging\commons-logging\1.1.1\commons-logging-1.1.1.jar;C:\Users\shaik\.m2\repository\org\hamcrest\hamcrest-core\2.1\hamcrest-core-2.1.jar;C:\Users\shaik\.m2\repository\org\hamcrest\hamcrest\2.1\hamcrest-2.1.jar;C:\Users\shaik\.m2\repository\io\cucumber\gherkin\5.1.0\gherkin-5.1.0.jar;C:\Users\shaik\.m2\repository\io\cucumber\gherkin-jvm-deps\1.0.4\gherkin-jvm-deps-1.0.4.jar;C:\Users\shaik\.m2\repository\org\seleniumhq\selenium\selenium-java\3.141.59\selenium-java-3.141.59.jar;C:\Users\shaik\.m2\repository\org\seleniumhq\selenium\selenium-api\3.141.59\selenium-api-3.141.59.jar;C:\Users\shaik\.m2\repository\org\seleniumhq\selenium\selenium-chrome-driver\3.141.59\selenium-chrome-driver-3.141.59.jar;C:\Users\shaik\.m2\repository\org\seleniumhq\selenium\selenium-edge-driver\3.141.59\selenium-edge-driver-3.141.59.jar;C:\Users\shaik\.m2\repository\org\seleniumhq\selenium\selenium-firefox-driver\3.141.59\selenium-firefox-driver-3.141.59.jar;C:\Users\shaik\.m2\repository\org\seleniumhq\selenium\selenium-ie-driver\3.141.59\selenium-ie-driver-3.141.59.jar;C:\Users\shaik\.m2\repository\org\seleniumhq\selenium\selenium-opera-driver\3.141.59\selenium-opera-driver-3.141.59.jar;C:\Users\shaik\.m2\repository\org\seleniumhq\selenium\selenium-remote-driver\3.141.59\selenium-remote-driver-3.141.59.jar;C:\Users\shaik\.m2\repository\org\seleniumhq\selenium\selenium-safari-driver\3.141.59\selenium-safari-driver-3.141.59.jar;C:\Users\shaik\.m2\repository\org\seleniumhq\selenium\selenium-support\3.141.59\selenium-support-3.141.59.jar;C:\Users\shaik\.m2\repository\net\bytebuddy\byte-buddy\1.8.15\byte-buddy-1.8.15.jar;C:\Users\shaik\.m2\repository\org\apache\commons\commons-exec\1.3\commons-exec-1.3.jar;C:\Users\shaik\.m2\repository\com\google\guava\guava\25.0-jre\guava-25.0-jre.jar;C:\Users\shaik\.m2\repository\com\google\code\findbugs\jsr305\1.3.9\jsr305-1.3.9.jar;C:\Users\shaik\.m2\repository\org\checkerframework\checker-compat-qual\2.0.0\checker-compat-qual-2.0.0.jar;C:\Users\shaik\.m2\repository\com\google\errorprone\error_prone_annotations\2.1.3\error_prone_annotations-2.1.3.jar;C:\Users\shaik\.m2\repository\com\google\j2objc\j2objc-annotations\1.1\j2objc-annotations-1.1.jar;C:\Users\shaik\.m2\repository\org\codehaus\mojo\animal-sniffer-annotations\1.14\animal-sniffer-annotations-1.14.jar;C:\Users\shaik\.m2\repository\com\squareup\okhttp3\okhttp\3.11.0\okhttp-3.11.0.jar;C:\Users\shaik\.m2\repository\com\squareup\okio\okio\1.14.0\okio-1.14.0.jar;C:\Users\shaik\.m2\repository\junit\junit\4.12\junit-4.12.jar;C:\Program Files\Java\jdk-11.0.20\lib\tools-1.5.0.jar;C:\Users\shaik\.m2\repository\log4j\log4j\1.2.17\log4j-1.2.17.jar;C:\Users\shaik\.m2\repository\org\apache\logging\log4j\log4j-core\2.22.0\log4j-core-2.22.0.jar;C:\Users\shaik\.m2\repository\org\apache\logging\log4j\log4j-api\2.22.0\log4j-api-2.22.0.jar;C:\Users\shaik\.m2\repository\javax\jms\javax.jms-api\2.0.1\javax.jms-api-2.0.1.jar;C:\Users\shaik\.m2\repository\com\sun\mail\javax.mail\1.6.2\javax.mail-1.6.2.jar;C:\Users\shaik\.m2\repository\javax\activation\activation\1.1\activation-1.1.jar;"/>
    <property name="java.vm.vendor" value="Oracle Corporation"/>
    <property name="sun.arch.data.model" value="64"/>
    <property name="user.variant" value=""/>
    <property name="java.vendor.url" value="https://openjdk.java.net/"/>
    <property name="user.timezone" value="Asia/Calcutta"/>
    <property name="java.vm.specification.version" value="11"/>
    <property name="os.name" value="Windows 10"/>
    <property name="sun.java.launcher" value="SUN_STANDARD"/>
    <property name="user.country" value="US"/>
    <property name="sun.boot.library.path" value="C:\Program Files\Java\jdk-11.0.20\bin"/>
    <property name="sun.java.command" value="C:\Users\shaik\AppData\Local\Temp\surefire18279749064092171419\surefirebooter-20240122123401613_3.jar C:\Users\shaik\AppData\Local\Temp\surefire18279749064092171419 2024-01-22T12-34-01_426-jvmRun1 surefire-20240122123401613_1tmp surefire_0-20240122123401613_2tmp"/>
    <property name="jdk.debug" value="release"/>
    <property name="surefire.test.class.path" value="D:\Eclipse Workspace\CucumberFramework_Practice\target\test-classes;D:\Eclipse Workspace\CucumberFramework_Practice\target\classes;C:\Users\shaik\.m2\repository\io\cucumber\cucumber-core\4.4.0\cucumber-core-4.4.0.jar;C:\Users\shaik\.m2\repository\io\cucumber\tag-expressions\1.1.1\tag-expressions-1.1.1.jar;C:\Users\shaik\.m2\repository\io\cucumber\cucumber-expressions\7.0.2\cucumber-expressions-7.0.2.jar;C:\Users\shaik\.m2\repository\io\cucumber\datatable\1.1.14\datatable-1.1.14.jar;C:\Users\shaik\.m2\repository\io\cucumber\datatable-dependencies\1.1.14\datatable-dependencies-1.1.14.jar;C:\Users\shaik\.m2\repository\io\cucumber\cucumber-html\0.2.7\cucumber-html-0.2.7.jar;C:\Users\shaik\.m2\repository\net\sourceforge\cobertura\cobertura\2.1.1\cobertura-2.1.1.jar;C:\Users\shaik\.m2\repository\org\ow2\asm\asm\5.0.1\asm-5.0.1.jar;C:\Users\shaik\.m2\repository\org\ow2\asm\asm-tree\5.0.1\asm-tree-5.0.1.jar;C:\Users\shaik\.m2\repository\org\ow2\asm\asm-commons\5.0.1\asm-commons-5.0.1.jar;C:\Users\shaik\.m2\repository\org\ow2\asm\asm-util\5.0.1\asm-util-5.0.1.jar;C:\Users\shaik\.m2\repository\org\ow2\asm\asm-analysis\5.0.1\asm-analysis-5.0.1.jar;C:\Users\shaik\.m2\repository\oro\oro\2.0.8\oro-2.0.8.jar;C:\Users\shaik\.m2\repository\jaxen\jaxen\1.1.4\jaxen-1.1.4.jar;C:\Users\shaik\.m2\repository\org\apache\ant\ant\1.8.3\ant-1.8.3.jar;C:\Users\shaik\.m2\repository\org\apache\ant\ant-launcher\1.8.3\ant-launcher-1.8.3.jar;C:\Users\shaik\.m2\repository\org\apache\ant\ant-junit\1.8.3\ant-junit-1.8.3.jar;C:\Users\shaik\.m2\repository\org\mortbay\jetty\servlet-api-2.5\6.1.14\servlet-api-2.5-6.1.14.jar;C:\Users\shaik\.m2\repository\org\mortbay\jetty\jetty\6.1.14\jetty-6.1.14.jar;C:\Users\shaik\.m2\repository\org\mortbay\jetty\jetty-util\6.1.14\jetty-util-6.1.14.jar;C:\Users\shaik\.m2\repository\org\slf4j\slf4j-api\1.7.5\slf4j-api-1.7.5.jar;C:\Users\shaik\.m2\repository\ch\qos\logback\logback-classic\1.0.13\logback-classic-1.0.13.jar;C:\Users\shaik\.m2\repository\ch\qos\logback\logback-core\1.0.13\logback-core-1.0.13.jar;C:\Users\shaik\.m2\repository\org\apache\commons\commons-lang3\3.3.2\commons-lang3-3.3.2.jar;C:\Users\shaik\.m2\repository\io\cucumber\cucumber-java\4.4.0\cucumber-java-4.4.0.jar;C:\Users\shaik\.m2\repository\io\cucumber\cucumber-junit\4.4.0\cucumber-junit-4.4.0.jar;C:\Users\shaik\.m2\repository\io\cucumber\cucumber-jvm-deps\1.0.6\cucumber-jvm-deps-1.0.6.jar;C:\Users\shaik\.m2\repository\net\masterthought\cucumber-reporting\4.7.0\cucumber-reporting-4.7.0.jar;C:\Users\shaik\.m2\repository\com\fasterxml\jackson\core\jackson-databind\2.9.8\jackson-databind-2.9.8.jar;C:\Users\shaik\.m2\repository\com\fasterxml\jackson\core\jackson-annotations\2.9.0\jackson-annotations-2.9.0.jar;C:\Users\shaik\.m2\repository\com\fasterxml\jackson\core\jackson-core\2.9.8\jackson-core-2.9.8.jar;C:\Users\shaik\.m2\repository\org\apache\velocity\velocity\1.7\velocity-1.7.jar;C:\Users\shaik\.m2\repository\commons-collections\commons-collections\3.2.1\commons-collections-3.2.1.jar;C:\Users\shaik\.m2\repository\commons-lang\commons-lang\2.4\commons-lang-2.4.jar;C:\Users\shaik\.m2\repository\velocity-tools\velocity-tools\1.4\velocity-tools-1.4.jar;C:\Users\shaik\.m2\repository\joda-time\joda-time\2.10.1\joda-time-2.10.1.jar;C:\Users\shaik\.m2\repository\commons-io\commons-io\2.6\commons-io-2.6.jar;C:\Users\shaik\.m2\repository\org\codehaus\plexus\plexus-utils\3.1.1\plexus-utils-3.1.1.jar;C:\Users\shaik\.m2\repository\org\jsoup\jsoup\1.11.3\jsoup-1.11.3.jar;C:\Users\shaik\.m2\repository\com\googlecode\owasp-java-html-sanitizer\owasp-java-html-sanitizer\20190325.1\owasp-java-html-sanitizer-20190325.1.jar;C:\Users\shaik\.m2\repository\commons-configuration\commons-configuration\1.10\commons-configuration-1.10.jar;C:\Users\shaik\.m2\repository\commons-logging\commons-logging\1.1.1\commons-logging-1.1.1.jar;C:\Users\shaik\.m2\repository\org\hamcrest\hamcrest-core\2.1\hamcrest-core-2.1.jar;C:\Users\shaik\.m2\repository\org\hamcrest\hamcrest\2.1\hamcrest-2.1.jar;C:\Users\shaik\.m2\repository\io\cucumber\gherkin\5.1.0\gherkin-5.1.0.jar;C:\Users\shaik\.m2\repository\io\cucumber\gherkin-jvm-deps\1.0.4\gherkin-jvm-deps-1.0.4.jar;C:\Users\shaik\.m2\repository\org\seleniumhq\selenium\selenium-java\3.141.59\selenium-java-3.141.59.jar;C:\Users\shaik\.m2\repository\org\seleniumhq\selenium\selenium-api\3.141.59\selenium-api-3.141.59.jar;C:\Users\shaik\.m2\repository\org\seleniumhq\selenium\selenium-chrome-driver\3.141.59\selenium-chrome-driver-3.141.59.jar;C:\Users\shaik\.m2\repository\org\seleniumhq\selenium\selenium-edge-driver\3.141.59\selenium-edge-driver-3.141.59.jar;C:\Users\shaik\.m2\repository\org\seleniumhq\selenium\selenium-firefox-driver\3.141.59\selenium-firefox-driver-3.141.59.jar;C:\Users\shaik\.m2\repository\org\seleniumhq\selenium\selenium-ie-driver\3.141.59\selenium-ie-driver-3.141.59.jar;C:\Users\shaik\.m2\repository\org\seleniumhq\selenium\selenium-opera-driver\3.141.59\selenium-opera-driver-3.141.59.jar;C:\Users\shaik\.m2\repository\org\seleniumhq\selenium\selenium-remote-driver\3.141.59\selenium-remote-driver-3.141.59.jar;C:\Users\shaik\.m2\repository\org\seleniumhq\selenium\selenium-safari-driver\3.141.59\selenium-safari-driver-3.141.59.jar;C:\Users\shaik\.m2\repository\org\seleniumhq\selenium\selenium-support\3.141.59\selenium-support-3.141.59.jar;C:\Users\shaik\.m2\repository\net\bytebuddy\byte-buddy\1.8.15\byte-buddy-1.8.15.jar;C:\Users\shaik\.m2\repository\org\apache\commons\commons-exec\1.3\commons-exec-1.3.jar;C:\Users\shaik\.m2\repository\com\google\guava\guava\25.0-jre\guava-25.0-jre.jar;C:\Users\shaik\.m2\repository\com\google\code\findbugs\jsr305\1.3.9\jsr305-1.3.9.jar;C:\Users\shaik\.m2\repository\org\checkerframework\checker-compat-qual\2.0.0\checker-compat-qual-2.0.0.jar;C:\Users\shaik\.m2\repository\com\google\errorprone\error_prone_annotations\2.1.3\error_prone_annotations-2.1.3.jar;C:\Users\shaik\.m2\repository\com\google\j2objc\j2objc-annotations\1.1\j2objc-annotations-1.1.jar;C:\Users\shaik\.m2\repository\org\codehaus\mojo\animal-sniffer-annotations\1.14\animal-sniffer-annotations-1.14.jar;C:\Users\shaik\.m2\repository\com\squareup\okhttp3\okhttp\3.11.0\okhttp-3.11.0.jar;C:\Users\shaik\.m2\repository\com\squareup\okio\okio\1.14.0\okio-1.14.0.jar;C:\Users\shaik\.m2\repository\junit\junit\4.12\junit-4.12.jar;C:\Program Files\Java\jdk-11.0.20\lib\tools-1.5.0.jar;C:\Users\shaik\.m2\repository\log4j\log4j\1.2.17\log4j-1.2.17.jar;C:\Users\shaik\.m2\repository\org\apache\logging\log4j\log4j-core\2.22.0\log4j-core-2.22.0.jar;C:\Users\shaik\.m2\repository\org\apache\logging\log4j\log4j-api\2.22.0\log4j-api-2.22.0.jar;C:\Users\shaik\.m2\repository\javax\jms\javax.jms-api\2.0.1\javax.jms-api-2.0.1.jar;C:\Users\shaik\.m2\repository\com\sun\mail\javax.mail\1.6.2\javax.mail-1.6.2.jar;C:\Users\shaik\.m2\repository\javax\activation\activation\1.1\activation-1.1.jar;"/>
    <property name="sun.cpu.endian" value="little"/>
    <property name="user.home" value="C:\Users\shaik"/>
    <property name="user.language" value="en"/>
    <property name="java.specification.vendor" value="Oracle Corporation"/>
    <property name="java.version.date" value="2023-07-18"/>
    <property name="java.home" value="C:\Program Files\Java\jdk-11.0.20"/>
    <property name="file.separator" value="\"/>
    <property name="basedir" value="D:\Eclipse Workspace\CucumberFramework_Practice"/>
    <property name="java.vm.compressedOopsMode" value="32-bit"/>
    <property name="line.separator" value="&#10;"/>
    <property name="java.specification.name" value="Java Platform API Specification"/>
    <property name="java.vm.specification.vendor" value="Oracle Corporation"/>
    <property name="java.awt.graphicsenv" value="sun.awt.Win32GraphicsEnvironment"/>
    <property name="surefire.real.class.path" value="C:\Users\shaik\AppData\Local\Temp\surefire18279749064092171419\surefirebooter-20240122123401613_3.jar"/>
    <property name="user.script" value=""/>
    <property name="sun.management.compiler" value="HotSpot 64-Bit Tiered Compilers"/>
    <property name="java.runtime.version" value="11.0.20+9-LTS-256"/>
    <property name="user.name" value="shaik"/>
    <property name="path.separator" value=";"/>
    <property name="os.version" value="10.0"/>
    <property name="java.runtime.name" value="Java(TM) SE Runtime Environment"/>
    <property name="file.encoding" value="Cp1252"/>
    <property name="java.vm.name" value="Java HotSpot(TM) 64-Bit Server VM"/>
    <property name="java.vendor.version" value="18.9"/>
    <property name="localRepository" value="C:\Users\shaik\.m2\repository"/>
    <property name="java.vendor.url.bug" value="https://bugreport.java.com/bugreport/"/>
    <property name="java.io.tmpdir" value="C:\Users\shaik\AppData\Local\Temp\"/>
    <property name="java.version" value="11.0.20"/>
    <property name="user.dir" value="D:\Eclipse Workspace\CucumberFramework_Practice"/>
    <property name="os.arch" value="amd64"/>
    <property name="java.vm.specification.name" value="Java Virtual Machine Specification"/>
    <property name="java.awt.printerjob" value="sun.awt.windows.WPrinterJob"/>
    <property name="sun.os.patch.level" value=""/>
    <property name="java.library.path" value="C:\Program Files\Java\jdk-11.0.20\bin;C:\WINDOWS\Sun\Java\bin;C:\WINDOWS\system32;C:\WINDOWS;C:\apache-maven-3.9.6/bin;C:\Program Files\Java\jdk-11.0.20/bin;C:\Program Files\Java\jdk-11.0.20/bin;C:\WINDOWS;C:\WINDOWS\System32\Wbem;C:\WINDOWS\System32\WindowsPowerShell\v1.0\;C:\WINDOWS\System32\OpenSSH\;C:\WINDOWS\system32;D:\Selenium required jars or files\Browsers JAR Files\drivers;C:\Program Files\nodejs\;C:\Program Files\nodejs\node_modules;C:\apache-maven-3.9.6\bin;C:\apache-maven-3.9.6\bin;C:\apache-maven-3.9.6\bin;C:\Program Files\Java\jdk-11.0.20\bin;C:\Program Files\MySQL\MySQL Shell 8.0\bin\;C:\Users\shaik\AppData\Local\Microsoft\WindowsApps;C:\Users\shaik\AppData\Roaming\npm;."/>
    <property name="java.vendor" value="Oracle Corporation"/>
    <property name="java.vm.info" value="mixed mode"/>
    <property name="java.vm.version" value="11.0.20+9-LTS-256"/>
    <property name="java.specification.maintenance.version" value="2"/>
    <property name="sun.io.unicode.encoding" value="UnicodeLittle"/>
    <property name="java.class.version" value="55.0"/>
  </properties>
  <testcase name="Create users account" classname="Account" time="25.138">
    <system-out><![CDATA[Feature: Account

  @regression
  Scenario: Create users account                                                                     # FeatureFiles/Account.feature:4
    Given User Launches chrome browser                                                               # StepDefinitions.user_Launches_chrome_browser()
[INFO] ------------------>Login Scenario Test Case Execution:<-----------------------
[INFO] *************Opening URL of the application********************
    When User Opens an application as "http://www.automationpractice.pl/index.php?"                  # StepDefinitions.user_Opens_an_application_as(String)
[INFO] *************Clicking on Sign In Link********************
    And User Clicks on Sign In link                                                                  # StepDefinitions.user_Clicks_on_Sign_In_link()
[INFO] ------------------>Account Scenrio Test Case Execution:<-----------------------
[INFO] *************Account Page Title Matched********************
    Then Verify user navigates to the "CREATE AN ACCOUNT" page                                       # StepDefinitions.verify_user_navigates_to_the_page(String)
[INFO] *************Entered Email Address********************
    When User enters an email id as "Test604@gmail.com"                                              # StepDefinitions.user_enters_an_email_id_as(String)
[INFO] *************Clicking on Create Account********************
    And User clicks on Create an Account button                                                      # StepDefinitions.user_clicks_on_Create_an_Account_button()
[INFO] *************Selecting Gender********************
[INFO] *************Entering Firstname********************
[INFO] *************Entering Lastname********************
[INFO] *************Entering Password********************
[INFO] *************Selecting Day********************
[INFO] *************Selecting Month********************
[INFO] *************Selecting Year********************
    And User fills all personal details                                                              # StepDefinitions.user_fills_all_personal_details()
[INFO] *************Clicking on Register********************
    And User clicks on register link                                                                 # StepDefinitions.user_clicks_on_register_link()
[INFO] *************Account Test Case Passed********************
    Then Verify confirmation message for successful registration as "Your account has been created." # StepDefinitions.verify_confirmation_message_for_successful_registration_as(String)
[INFO] *************Closing Browser********************
    And Close the browser                                                                            # StepDefinitions.close_the_browser()
]]></system-out>
    <system-err><![CDATA[Jan 22, 2024 12:34:03 PM cucumber.runtime.filter.TagExpressionOld isOldTagExpression
WARNING: Found tags option '@sanity, @regression'. Support for '@tag1,@tag2' will be removed from the next release of Cucumber-JVM. Please use '@tag or @tag2' instead
Jan 22, 2024 12:34:03 PM cucumber.runtime.java.ObjectFactoryLoader loadSingleObjectFactory
WARNING: Use deprecated reflections to load ObjectFactory.
Starting Microsoft Edge WebDriver 120.0.2210.133 (5a3825c4628d0bef4e9a1ceca8987a524bbd379a) on port 43305
To submit feedback, report a bug, or suggest new features, please visit https://github.com/MicrosoftEdge/EdgeWebDriver

Only local connections are allowed.
Please see https://aka.ms/WebDriverSecurity for suggestions on keeping Microsoft Edge WebDriver safe.

Microsoft Edge WebDriver was started successfully.
Jan 22, 2024 12:34:12 PM org.openqa.selenium.remote.ProtocolHandshake createSession
INFO: Detected dialect: W3C
]]></system-err>
  </testcase>
  <testcase name="Verify successful user login" classname="Login Functionality" time="10.691">
    <system-out><![CDATA[
Feature: Login Functionality

  @sanity
  Scenario: Verify successful user login                                            # FeatureFiles/Login.feature:4
    Given User Launches chrome browser                                              # StepDefinitions.user_Launches_chrome_browser()
[INFO] ------------------>Login Scenario Test Case Execution:<-----------------------
[INFO] *************Opening URL of the application********************
    When User Opens an application as "http://www.automationpractice.pl/index.php?" # StepDefinitions.user_Opens_an_application_as(String)
[INFO] *************Clicking on Sign In Link********************
    And User Clicks on Sign In link                                                 # StepDefinitions.user_Clicks_on_Sign_In_link()
[INFO] *************Entering an Email********************
    And User Enters a valid email address "Test99@gmail.com"                        # StepDefinitions.user_Enters_a_valid_email_address(String)
[INFO] *************Entering Password********************
    And User enters a valid password "Test@123"                                     # StepDefinitions.user_enters_a_valid_password(String)
[INFO] *************CLicking on Submit********************
    And User clicks on Sign In button                                               # StepDefinitions.user_clicks_on_Sign_In_button()
[INFO] *************Login Scenario Test Case Passed********************
    Then Verify profile name should be displayed as "Matin shaikh"                  # StepDefinitions.verify_profile_name_should_be_displayed_as(String)
[INFO] *************Closing Browser********************
    And Close the browser                                                           # StepDefinitions.close_the_browser()
]]></system-out>
    <system-err><![CDATA[Starting Microsoft Edge WebDriver 120.0.2210.133 (5a3825c4628d0bef4e9a1ceca8987a524bbd379a) on port 15389
To submit feedback, report a bug, or suggest new features, please visit https://github.com/MicrosoftEdge/EdgeWebDriver

Only local connections are allowed.
Please see https://aka.ms/WebDriverSecurity for suggestions on keeping Microsoft Edge WebDriver safe.

Microsoft Edge WebDriver was started successfully.
Jan 22, 2024 12:34:30 PM org.openqa.selenium.remote.ProtocolHandshake createSession
INFO: Detected dialect: W3C
]]></system-err>
  </testcase>
</testsuite>